#
# A fatal error has been detected by the Java Runtime Environment:
#
#  SIGSEGV (0xb) at pc=0x0000000106c4ef30, pid=2992, tid=9219
#
# JRE version: Java(TM) SE Runtime Environment (10.0.1+10) (build 10.0.1+10)
# Java VM: Java HotSpot(TM) 64-Bit Server VM (10.0.1+10, mixed mode, tiered, compressed oops, g1 gc, bsd-amd64)
# Problematic frame:
# V  [libjvm.dylib+0x41df30]  jni_GetStringUTFChars+0x99
#
# No core dump will be written. Core dumps have been disabled. To enable core dumping, try "ulimit -c unlimited" before starting Java again
#
# If you would like to submit a bug report, please visit:
#   http://bugreport.java.com/bugreport/crash.jsp
#

---------------  S U M M A R Y ------------

Command Line: -Dfile.encoding=UTF-8 org.apache.catalina.startup.Tomcat$1

Host: MacBookPro14,1 x86_64 2300 MHz, 4 cores, 8G, Darwin 17.4.0
Time: Mon Jun 11 19:40:47 2018 CDT elapsed time: 0 seconds (0d 0h 0m 0s)

---------------  T H R E A D  ---------------

Current thread (0x00007fa123004000):  JavaThread "main" [_thread_in_vm, id=9219, stack(0x0000000107e00000,0x0000000107f00000)]

Stack: [0x0000000107e00000,0x0000000107f00000],  sp=0x0000000107effd30,  free space=1023k
Native frames: (J=compiled Java code, A=aot compiled Java code, j=interpreted, Vv=VM code, C=native code)
V  [libjvm.dylib+0x41df30]  jni_GetStringUTFChars+0x99
C  [java+0x7653]  PostJVMInit+0xb0
C  [java+0x4f92]  JavaMain+0xafd
C  [libsystem_pthread.dylib+0x36c1]  _pthread_body+0x154
C  [libsystem_pthread.dylib+0x356d]  _pthread_body+0x0
C  [libsystem_pthread.dylib+0x2c5d]  thread_start+0xd
C  0x0000000000000000


siginfo: si_signo: 11 (SIGSEGV), si_code: 1 (SEGV_MAPERR), si_addr: 0x0000000000000000

Register to memory mapping:

RAX=0x00000001075e0000 is an unknown value
RBX=0x00007fa123004000 is a thread
RCX=0x000000010718e250: AssumeMP+0 in /Library/Java/JavaVirtualMachines/jdk-10.0.1.jdk/Contents/Home/lib/server/libjvm.dylib at 0x0000000106831000
RDX=0x0000000000000000 is an unknown value
RSP=0x0000000107effd30 is pointing into the stack for thread: 0x00007fa123004000
RBP=0x0000000107effdc0 is pointing into the stack for thread: 0x00007fa123004000
RSI=0x0000000000000000 is an unknown value
RDI=0x00007fa123004270 is an unknown value
R8 =0x00007fa123004000 is a thread
R9 =0x0000000000000070 is an unknown value
R10=0x00000001071f5ae0: _ZN19TemplateInterpreter13_active_tableE+0x4000 in /Library/Java/JavaVirtualMachines/jdk-10.0.1.jdk/Contents/Home/lib/server/libjvm.dylib at 0x0000000106831000
R11=0x0000000107eff100 is pointing into the stack for thread: 0x00007fa123004000
R12=0x00007fa123004270 is an unknown value
R13=0x0b65977691ed0007 is an unknown value
R14=0x0000000000000000 is an unknown value
R15=0x0000000000000000 is an unknown value


Registers:
RAX=0x00000001075e0000, RBX=0x00007fa123004000, RCX=0x000000010718e250, RDX=0x0000000000000000
RSP=0x0000000107effd30, RBP=0x0000000107effdc0, RSI=0x0000000000000000, RDI=0x00007fa123004270
R8 =0x00007fa123004000, R9 =0x0000000000000070, R10=0x00000001071f5ae0, R11=0x0000000107eff100
R12=0x00007fa123004270, R13=0x0b65977691ed0007, R14=0x0000000000000000, R15=0x0000000000000000
RIP=0x0000000106c4ef30, EFLAGS=0x0000000000010246, ERR=0x0000000000000004
  TRAPNO=0x000000000000000e

Top of Stack: (sp=0x0000000107effd30)
0x0000000107effd30:   0000000107effd40 0000000000000000
0x0000000107effd40:   0000000107effd50 0000000106f96719
0x0000000107effd50:   0000000107effd70 0000000106f9669e
0x0000000107effd60:   00000001071f0501 00007fa123004000
0x0000000107effd70:   0000000000000000 0000000106f965f4
0x0000000107effd80:   0000000000000000 00007fa123004000
0x0000000107effd90:   00007fa123004000 00007fa123004270
0x0000000107effda0:   00007fa122501ca8 0b65977691ed0007
0x0000000107effdb0:   0000000000000000 00007fa122501cb0
0x0000000107effdc0:   0000000107effe50 0000000106805653
0x0000000107effdd0:   0000000107effdf0 0000000106f9669e
0x0000000107effde0:   00000001071f0501 00007fa123004000
0x0000000107effdf0:   0000000107effe10 0000000106f965f4
0x0000000107effe00:   0000000000000000 0000000107effe30
0x0000000107effe10:   0000000107effe50 0000000106c41bfe
0x0000000107effe20:   0b65977691ed0007 00007fa123004270
0x0000000107effe30:   00007fa122501ca8 0000000000000000
0x0000000107effe40:   00007fa122501cc0 00007fa122501cb0
0x0000000107effe50:   0000000107effef0 0000000106802f92
0x0000000107effe60:   0000000000000000 0000000000000000
0x0000000107effe70:   0000000000000000 0000000000000000
0x0000000107effe80:   00007fa1226002d8 0000000000000000
0x0000000107effe90:   0000000000000001 00007fa122600260
0x0000000107effea0:   00007fa123004270 000000010719e1e8
0x0000000107effeb0:   0000000400010002 00007fa122500320
0x0000000107effec0:   0000000000000000 0000000107f00000
0x0000000107effed0:   0000000106802495 0000000000000000
0x0000000107effee0:   0000000107f00000 0000000000000000
0x0000000107effef0:   0000000107efff20 00007fff5bb186c1
0x0000000107efff00:   0000000000000001 0000000107f00000
0x0000000107efff10:   00000000190008ff 00007000023d5ce0
0x0000000107efff20:   0000000107efff50 00007fff5bb1856d 

Instructions: (pc=0x0000000106c4ef30)
0x0000000106c4ef10:   f6 c7 01 74 14 4c 89 b5 78 ff ff ff 4c 89 ff e8
0x0000000106c4ef20:   f6 b2 02 00 49 89 c7 eb 0a 4c 89 b5 78 ff ff ff
0x0000000106c4ef30:   4d 8b 3f 48 8d 05 ee a5 58 00 48 63 30 4c 89 ff
0x0000000106c4ef40:   ff 15 3a b8 53 00 45 31 f6 48 85 c0 74 5f 4c 89 


---------------  P R O C E S S  ---------------

Threads class SMR info:
_java_thread_list=0x00007fa1226595b0, length=10, elements={
0x00007fa123004000, 0x00007fa123809800, 0x00007fa12380c800, 0x00007fa12407c000,
0x00007fa12407d000, 0x00007fa124086000, 0x00007fa122849000, 0x00007fa123002800,
0x00007fa122814000, 0x00007fa1240b0800
}

Java Threads: ( => current thread )
=>0x00007fa123004000 JavaThread "main" [_thread_in_vm, id=9219, stack(0x0000000107e00000,0x0000000107f00000)]
  0x00007fa123809800 JavaThread "Reference Handler" daemon [_thread_blocked, id=17411, stack(0x0000700003104000,0x0000700003204000)]
  0x00007fa12380c800 JavaThread "Finalizer" daemon [_thread_blocked, id=14595, stack(0x0000700003207000,0x0000700003307000)]
  0x00007fa12407c000 JavaThread "Signal Dispatcher" daemon [_thread_blocked, id=42755, stack(0x000070000330a000,0x000070000340a000)]
  0x00007fa12407d000 JavaThread "C2 CompilerThread0" daemon [_thread_blocked, id=41987, stack(0x000070000340d000,0x000070000350d000)]
  0x00007fa124086000 JavaThread "C2 CompilerThread1" daemon [_thread_blocked, id=22787, stack(0x0000700003510000,0x0000700003610000)]
  0x00007fa122849000 JavaThread "C1 CompilerThread2" daemon [_thread_blocked, id=41219, stack(0x0000700003613000,0x0000700003713000)]
  0x00007fa123002800 JavaThread "Sweeper thread" daemon [_thread_blocked, id=23811, stack(0x0000700003716000,0x0000700003816000)]
  0x00007fa122814000 JavaThread "Service Thread" daemon [_thread_blocked, id=24067, stack(0x0000700003819000,0x0000700003919000)]
  0x00007fa1240b0800 JavaThread "Common-Cleaner" daemon [_thread_blocked, id=24835, stack(0x000070000391c000,0x0000700003a1c000)]

Other Threads:
  0x00007fa124071800 VMThread "VM Thread" [stack: 0x0000700003001000,0x0000700003101000] [id=14083]
  0x00007fa12302a800 WatcherThread [stack: 0x0000700003a1f000,0x0000700003b1f000] [id=40195]
  0x00007fa12281d000 GCTaskThread "GC Thread#0" [stack: 0x00007000024e0000,0x00007000025e0000] [id=21251]
  0x00007fa12281e000 GCTaskThread "GC Thread#1" [stack: 0x00007000025e3000,0x00007000026e3000] [id=20739]
  0x00007fa12300c800 GCTaskThread "GC Thread#2" [stack: 0x00007000026e6000,0x00007000027e6000] [id=11523]
  0x00007fa12300d800 GCTaskThread "GC Thread#3" [stack: 0x00007000027e9000,0x00007000028e9000] [id=11779]
  0x00007fa124033000 ConcurrentGCThread "G1 Main Marker" [stack: 0x00007000028ec000,0x00007000029ec000] [id=20227]
  0x00007fa124033800 ConcurrentGCThread "G1 Conc#0" [stack: 0x00007000029ef000,0x0000700002aef000] [id=12547]
  0x00007fa12381b000 ConcurrentGCThread "G1 Refine#0" [stack: 0x0000700002af2000,0x0000700002bf2000] [id=19459]
  0x00007fa12381c000 ConcurrentGCThread "G1 Refine#1" [stack: 0x0000700002bf5000,0x0000700002cf5000] [id=13315]
  0x00007fa12381c800 ConcurrentGCThread "G1 Refine#2" [stack: 0x0000700002cf8000,0x0000700002df8000] [id=19203]
  0x00007fa12381d800 ConcurrentGCThread "G1 Refine#3" [stack: 0x0000700002dfb000,0x0000700002efb000] [id=18691]
  0x00007fa12381e000 ConcurrentGCThread "G1 Young RemSet Sampling" [stack: 0x0000700002efe000,0x0000700002ffe000] [id=13827]

Threads with active compile tasks:

VM state:not at safepoint (normal execution)

VM Mutex/Monitor currently owned by a thread: None

Heap address: 0x0000000740000000, size: 2048 MB, Compressed Oops mode: Zero based, Oop shift amount: 3
Narrow klass base: 0x0000000000000000, Narrow klass shift: 3
Compressed class space size: 1073741824 Address: 0x00000007c0000000

Heap:
 garbage-first heap   total 131072K, used 3072K [0x0000000740000000, 0x00000007c0000000)
  region size 1024K, 4 young (4096K), 0 survivors (0K)
 Metaspace       used 5290K, capacity 5426K, committed 5632K, reserved 1056768K
  class space    used 441K, capacity 466K, committed 512K, reserved 1048576K
Heap Regions: E=young(eden), S=young(survivor), O=old, HS=humongous(starts), HC=humongous(continues), CS=collection set, F=free, A=archive, TS=gc time stamp, AC=allocation context, TAMS=top-at-mark-start (previous, next)
|   0|0x0000000740000000, 0x0000000740000000, 0x0000000740100000|  0%| F|  |TS  0|AC  0|TAMS 0x0000000740000000, 0x0000000740000000|
|   1|0x0000000740100000, 0x0000000740100000, 0x0000000740200000|  0%| F|  |TS  0|AC  0|TAMS 0x0000000740100000, 0x0000000740100000|
|   2|0x0000000740200000, 0x0000000740200000, 0x0000000740300000|  0%| F|  |TS  0|AC  0|TAMS 0x0000000740200000, 0x0000000740200000|
|   3|0x0000000740300000, 0x0000000740300000, 0x0000000740400000|  0%| F|  |TS  0|AC  0|TAMS 0x0000000740300000, 0x0000000740300000|
|   4|0x0000000740400000, 0x0000000740400000, 0x0000000740500000|  0%| F|  |TS  0|AC  0|TAMS 0x0000000740400000, 0x0000000740400000|
|   5|0x0000000740500000, 0x0000000740500000, 0x0000000740600000|  0%| F|  |TS  0|AC  0|TAMS 0x0000000740500000, 0x0000000740500000|
|   6|0x0000000740600000, 0x0000000740600000, 0x0000000740700000|  0%| F|  |TS  0|AC  0|TAMS 0x0000000740600000, 0x0000000740600000|
|   7|0x0000000740700000, 0x0000000740700000, 0x0000000740800000|  0%| F|  |TS  0|AC  0|TAMS 0x0000000740700000, 0x0000000740700000|
|   8|0x0000000740800000, 0x0000000740800000, 0x0000000740900000|  0%| F|  |TS  0|AC  0|TAMS 0x0000000740800000, 0x0000000740800000|
|   9|0x0000000740900000, 0x0000000740900000, 0x0000000740a00000|  0%| F|  |TS  0|AC  0|TAMS 0x0000000740900000, 0x0000000740900000|
|  10|0x0000000740a00000, 0x0000000740a00000, 0x0000000740b00000|  0%| F|  |TS  0|AC  0|TAMS 0x0000000740a00000, 0x0000000740a00000|
|  11|0x0000000740b00000, 0x0000000740b00000, 0x0000000740c00000|  0%| F|  |TS  0|AC  0|TAMS 0x0000000740b00000, 0x0000000740b00000|
|  12|0x0000000740c00000, 0x0000000740c00000, 0x0000000740d00000|  0%| F|  |TS  0|AC  0|TAMS 0x0000000740c00000, 0x0000000740c00000|
|  13|0x0000000740d00000, 0x0000000740d00000, 0x0000000740e00000|  0%| F|  |TS  0|AC  0|TAMS 0x0000000740d00000, 0x0000000740d00000|
|  14|0x0000000740e00000, 0x0000000740e00000, 0x0000000740f00000|  0%| F|  |TS  0|AC  0|TAMS 0x0000000740e00000, 0x0000000740e00000|
|  15|0x0000000740f00000, 0x0000000740f00000, 0x0000000741000000|  0%| F|  |TS  0|AC  0|TAMS 0x0000000740f00000, 0x0000000740f00000|
|  16|0x0000000741000000, 0x0000000741000000, 0x0000000741100000|  0%| F|  |TS  0|AC  0|TAMS 0x0000000741000000, 0x0000000741000000|
|  17|0x0000000741100000, 0x0000000741100000, 0x0000000741200000|  0%| F|  |TS  0|AC  0|TAMS 0x0000000741100000, 0x0000000741100000|
|  18|0x0000000741200000, 0x0000000741200000, 0x0000000741300000|  0%| F|  |TS  0|AC  0|TAMS 0x0000000741200000, 0x0000000741200000|
|  19|0x0000000741300000, 0x0000000741300000, 0x0000000741400000|  0%| F|  |TS  0|AC  0|TAMS 0x0000000741300000, 0x0000000741300000|
|  20|0x0000000741400000, 0x0000000741400000, 0x0000000741500000|  0%| F|  |TS  0|AC  0|TAMS 0x0000000741400000, 0x0000000741400000|
|  21|0x0000000741500000, 0x0000000741500000, 0x0000000741600000|  0%| F|  |TS  0|AC  0|TAMS 0x0000000741500000, 0x0000000741500000|
|  22|0x0000000741600000, 0x0000000741600000, 0x0000000741700000|  0%| F|  |TS  0|AC  0|TAMS 0x0000000741600000, 0x0000000741600000|
|  23|0x0000000741700000, 0x0000000741700000, 0x0000000741800000|  0%| F|  |TS  0|AC  0|TAMS 0x0000000741700000, 0x0000000741700000|
|  24|0x0000000741800000, 0x0000000741800000, 0x0000000741900000|  0%| F|  |TS  0|AC  0|TAMS 0x0000000741800000, 0x0000000741800000|
|  25|0x0000000741900000, 0x0000000741900000, 0x0000000741a00000|  0%| F|  |TS  0|AC  0|TAMS 0x0000000741900000, 0x0000000741900000|
|  26|0x0000000741a00000, 0x0000000741a00000, 0x0000000741b00000|  0%| F|  |TS  0|AC  0|TAMS 0x0000000741a00000, 0x0000000741a00000|
|  27|0x0000000741b00000, 0x0000000741b00000, 0x0000000741c00000|  0%| F|  |TS  0|AC  0|TAMS 0x0000000741b00000, 0x0000000741b00000|
|  28|0x0000000741c00000, 0x0000000741c00000, 0x0000000741d00000|  0%| F|  |TS  0|AC  0|TAMS 0x0000000741c00000, 0x0000000741c00000|
|  29|0x0000000741d00000, 0x0000000741d00000, 0x0000000741e00000|  0%| F|  |TS  0|AC  0|TAMS 0x0000000741d00000, 0x0000000741d00000|
|  30|0x0000000741e00000, 0x0000000741e00000, 0x0000000741f00000|  0%| F|  |TS  0|AC  0|TAMS 0x0000000741e00000, 0x0000000741e00000|
|  31|0x0000000741f00000, 0x0000000741f00000, 0x0000000742000000|  0%| F|  |TS  0|AC  0|TAMS 0x0000000741f00000, 0x0000000741f00000|
|  32|0x0000000742000000, 0x0000000742000000, 0x0000000742100000|  0%| F|  |TS  0|AC  0|TAMS 0x0000000742000000, 0x0000000742000000|
|  33|0x0000000742100000, 0x0000000742100000, 0x0000000742200000|  0%| F|  |TS  0|AC  0|TAMS 0x0000000742100000, 0x0000000742100000|
|  34|0x0000000742200000, 0x0000000742200000, 0x0000000742300000|  0%| F|  |TS  0|AC  0|TAMS 0x0000000742200000, 0x0000000742200000|
|  35|0x0000000742300000, 0x0000000742300000, 0x0000000742400000|  0%| F|  |TS  0|AC  0|TAMS 0x0000000742300000, 0x0000000742300000|
|  36|0x0000000742400000, 0x0000000742400000, 0x0000000742500000|  0%| F|  |TS  0|AC  0|TAMS 0x0000000742400000, 0x0000000742400000|
|  37|0x0000000742500000, 0x0000000742500000, 0x0000000742600000|  0%| F|  |TS  0|AC  0|TAMS 0x0000000742500000, 0x0000000742500000|
|  38|0x0000000742600000, 0x0000000742600000, 0x0000000742700000|  0%| F|  |TS  0|AC  0|TAMS 0x0000000742600000, 0x0000000742600000|
|  39|0x0000000742700000, 0x0000000742700000, 0x0000000742800000|  0%| F|  |TS  0|AC  0|TAMS 0x0000000742700000, 0x0000000742700000|
|  40|0x0000000742800000, 0x0000000742800000, 0x0000000742900000|  0%| F|  |TS  0|AC  0|TAMS 0x0000000742800000, 0x0000000742800000|
|  41|0x0000000742900000, 0x0000000742900000, 0x0000000742a00000|  0%| F|  |TS  0|AC  0|TAMS 0x0000000742900000, 0x0000000742900000|
|  42|0x0000000742a00000, 0x0000000742a00000, 0x0000000742b00000|  0%| F|  |TS  0|AC  0|TAMS 0x0000000742a00000, 0x0000000742a00000|
|  43|0x0000000742b00000, 0x0000000742b00000, 0x0000000742c00000|  0%| F|  |TS  0|AC  0|TAMS 0x0000000742b00000, 0x0000000742b00000|
|  44|0x0000000742c00000, 0x0000000742c00000, 0x0000000742d00000|  0%| F|  |TS  0|AC  0|TAMS 0x0000000742c00000, 0x0000000742c00000|
|  45|0x0000000742d00000, 0x0000000742d00000, 0x0000000742e00000|  0%| F|  |TS  0|AC  0|TAMS 0x0000000742d00000, 0x0000000742d00000|
|  46|0x0000000742e00000, 0x0000000742e00000, 0x0000000742f00000|  0%| F|  |TS  0|AC  0|TAMS 0x0000000742e00000, 0x0000000742e00000|
|  47|0x0000000742f00000, 0x0000000742f00000, 0x0000000743000000|  0%| F|  |TS  0|AC  0|TAMS 0x0000000742f00000, 0x0000000742f00000|
|  48|0x0000000743000000, 0x0000000743000000, 0x0000000743100000|  0%| F|  |TS  0|AC  0|TAMS 0x0000000743000000, 0x0000000743000000|
|  49|0x0000000743100000, 0x0000000743100000, 0x0000000743200000|  0%| F|  |TS  0|AC  0|TAMS 0x0000000743100000, 0x0000000743100000|
|  50|0x0000000743200000, 0x0000000743200000, 0x0000000743300000|  0%| F|  |TS  0|AC  0|TAMS 0x0000000743200000, 0x0000000743200000|
|  51|0x0000000743300000, 0x0000000743300000, 0x0000000743400000|  0%| F|  |TS  0|AC  0|TAMS 0x0000000743300000, 0x0000000743300000|
|  52|0x0000000743400000, 0x0000000743400000, 0x0000000743500000|  0%| F|  |TS  0|AC  0|TAMS 0x0000000743400000, 0x0000000743400000|
|  53|0x0000000743500000, 0x0000000743500000, 0x0000000743600000|  0%| F|  |TS  0|AC  0|TAMS 0x0000000743500000, 0x0000000743500000|
|  54|0x0000000743600000, 0x0000000743600000, 0x0000000743700000|  0%| F|  |TS  0|AC  0|TAMS 0x0000000743600000, 0x0000000743600000|
|  55|0x0000000743700000, 0x0000000743700000, 0x0000000743800000|  0%| F|  |TS  0|AC  0|TAMS 0x0000000743700000, 0x0000000743700000|
|  56|0x0000000743800000, 0x0000000743800000, 0x0000000743900000|  0%| F|  |TS  0|AC  0|TAMS 0x0000000743800000, 0x0000000743800000|
|  57|0x0000000743900000, 0x0000000743900000, 0x0000000743a00000|  0%| F|  |TS  0|AC  0|TAMS 0x0000000743900000, 0x0000000743900000|
|  58|0x0000000743a00000, 0x0000000743a00000, 0x0000000743b00000|  0%| F|  |TS  0|AC  0|TAMS 0x0000000743a00000, 0x0000000743a00000|
|  59|0x0000000743b00000, 0x0000000743b00000, 0x0000000743c00000|  0%| F|  |TS  0|AC  0|TAMS 0x0000000743b00000, 0x0000000743b00000|
|  60|0x0000000743c00000, 0x0000000743c00000, 0x0000000743d00000|  0%| F|  |TS  0|AC  0|TAMS 0x0000000743c00000, 0x0000000743c00000|
|  61|0x0000000743d00000, 0x0000000743d00000, 0x0000000743e00000|  0%| F|  |TS  0|AC  0|TAMS 0x0000000743d00000, 0x0000000743d00000|
|  62|0x0000000743e00000, 0x0000000743e00000, 0x0000000743f00000|  0%| F|  |TS  0|AC  0|TAMS 0x0000000743e00000, 0x0000000743e00000|
|  63|0x0000000743f00000, 0x0000000743f00000, 0x0000000744000000|  0%| F|  |TS  0|AC  0|TAMS 0x0000000743f00000, 0x0000000743f00000|
|  64|0x0000000744000000, 0x0000000744000000, 0x0000000744100000|  0%| F|  |TS  0|AC  0|TAMS 0x0000000744000000, 0x0000000744000000|
|  65|0x0000000744100000, 0x0000000744100000, 0x0000000744200000|  0%| F|  |TS  0|AC  0|TAMS 0x0000000744100000, 0x0000000744100000|
|  66|0x0000000744200000, 0x0000000744200000, 0x0000000744300000|  0%| F|  |TS  0|AC  0|TAMS 0x0000000744200000, 0x0000000744200000|
|  67|0x0000000744300000, 0x0000000744300000, 0x0000000744400000|  0%| F|  |TS  0|AC  0|TAMS 0x0000000744300000, 0x0000000744300000|
|  68|0x0000000744400000, 0x0000000744400000, 0x0000000744500000|  0%| F|  |TS  0|AC  0|TAMS 0x0000000744400000, 0x0000000744400000|
|  69|0x0000000744500000, 0x0000000744500000, 0x0000000744600000|  0%| F|  |TS  0|AC  0|TAMS 0x0000000744500000, 0x0000000744500000|
|  70|0x0000000744600000, 0x0000000744600000, 0x0000000744700000|  0%| F|  |TS  0|AC  0|TAMS 0x0000000744600000, 0x0000000744600000|
|  71|0x0000000744700000, 0x0000000744700000, 0x0000000744800000|  0%| F|  |TS  0|AC  0|TAMS 0x0000000744700000, 0x0000000744700000|
|  72|0x0000000744800000, 0x0000000744800000, 0x0000000744900000|  0%| F|  |TS  0|AC  0|TAMS 0x0000000744800000, 0x0000000744800000|
|  73|0x0000000744900000, 0x0000000744900000, 0x0000000744a00000|  0%| F|  |TS  0|AC  0|TAMS 0x0000000744900000, 0x0000000744900000|
|  74|0x0000000744a00000, 0x0000000744a00000, 0x0000000744b00000|  0%| F|  |TS  0|AC  0|TAMS 0x0000000744a00000, 0x0000000744a00000|
|  75|0x0000000744b00000, 0x0000000744b00000, 0x0000000744c00000|  0%| F|  |TS  0|AC  0|TAMS 0x0000000744b00000, 0x0000000744b00000|
|  76|0x0000000744c00000, 0x0000000744c00000, 0x0000000744d00000|  0%| F|  |TS  0|AC  0|TAMS 0x0000000744c00000, 0x0000000744c00000|
|  77|0x0000000744d00000, 0x0000000744d00000, 0x0000000744e00000|  0%| F|  |TS  0|AC  0|TAMS 0x0000000744d00000, 0x0000000744d00000|
|  78|0x0000000744e00000, 0x0000000744e00000, 0x0000000744f00000|  0%| F|  |TS  0|AC  0|TAMS 0x0000000744e00000, 0x0000000744e00000|
|  79|0x0000000744f00000, 0x0000000744f00000, 0x0000000745000000|  0%| F|  |TS  0|AC  0|TAMS 0x0000000744f00000, 0x0000000744f00000|
|  80|0x0000000745000000, 0x0000000745000000, 0x0000000745100000|  0%| F|  |TS  0|AC  0|TAMS 0x0000000745000000, 0x0000000745000000|
|  81|0x0000000745100000, 0x0000000745100000, 0x0000000745200000|  0%| F|  |TS  0|AC  0|TAMS 0x0000000745100000, 0x0000000745100000|
|  82|0x0000000745200000, 0x0000000745200000, 0x0000000745300000|  0%| F|  |TS  0|AC  0|TAMS 0x0000000745200000, 0x0000000745200000|
|  83|0x0000000745300000, 0x0000000745300000, 0x0000000745400000|  0%| F|  |TS  0|AC  0|TAMS 0x0000000745300000, 0x0000000745300000|
|  84|0x0000000745400000, 0x0000000745400000, 0x0000000745500000|  0%| F|  |TS  0|AC  0|TAMS 0x0000000745400000, 0x0000000745400000|
|  85|0x0000000745500000, 0x0000000745500000, 0x0000000745600000|  0%| F|  |TS  0|AC  0|TAMS 0x0000000745500000, 0x0000000745500000|
|  86|0x0000000745600000, 0x0000000745600000, 0x0000000745700000|  0%| F|  |TS  0|AC  0|TAMS 0x0000000745600000, 0x0000000745600000|
|  87|0x0000000745700000, 0x0000000745700000, 0x0000000745800000|  0%| F|  |TS  0|AC  0|TAMS 0x0000000745700000, 0x0000000745700000|
|  88|0x0000000745800000, 0x0000000745800000, 0x0000000745900000|  0%| F|  |TS  0|AC  0|TAMS 0x0000000745800000, 0x0000000745800000|
|  89|0x0000000745900000, 0x0000000745900000, 0x0000000745a00000|  0%| F|  |TS  0|AC  0|TAMS 0x0000000745900000, 0x0000000745900000|
|  90|0x0000000745a00000, 0x0000000745a00000, 0x0000000745b00000|  0%| F|  |TS  0|AC  0|TAMS 0x0000000745a00000, 0x0000000745a00000|
|  91|0x0000000745b00000, 0x0000000745b00000, 0x0000000745c00000|  0%| F|  |TS  0|AC  0|TAMS 0x0000000745b00000, 0x0000000745b00000|
|  92|0x0000000745c00000, 0x0000000745c00000, 0x0000000745d00000|  0%| F|  |TS  0|AC  0|TAMS 0x0000000745c00000, 0x0000000745c00000|
|  93|0x0000000745d00000, 0x0000000745d00000, 0x0000000745e00000|  0%| F|  |TS  0|AC  0|TAMS 0x0000000745d00000, 0x0000000745d00000|
|  94|0x0000000745e00000, 0x0000000745e00000, 0x0000000745f00000|  0%| F|  |TS  0|AC  0|TAMS 0x0000000745e00000, 0x0000000745e00000|
|  95|0x0000000745f00000, 0x0000000745f00000, 0x0000000746000000|  0%| F|  |TS  0|AC  0|TAMS 0x0000000745f00000, 0x0000000745f00000|
|  96|0x0000000746000000, 0x0000000746000000, 0x0000000746100000|  0%| F|  |TS  0|AC  0|TAMS 0x0000000746000000, 0x0000000746000000|
|  97|0x0000000746100000, 0x0000000746100000, 0x0000000746200000|  0%| F|  |TS  0|AC  0|TAMS 0x0000000746100000, 0x0000000746100000|
|  98|0x0000000746200000, 0x0000000746200000, 0x0000000746300000|  0%| F|  |TS  0|AC  0|TAMS 0x0000000746200000, 0x0000000746200000|
|  99|0x0000000746300000, 0x0000000746300000, 0x0000000746400000|  0%| F|  |TS  0|AC  0|TAMS 0x0000000746300000, 0x0000000746300000|
| 100|0x0000000746400000, 0x0000000746400000, 0x0000000746500000|  0%| F|  |TS  0|AC  0|TAMS 0x0000000746400000, 0x0000000746400000|
| 101|0x0000000746500000, 0x0000000746500000, 0x0000000746600000|  0%| F|  |TS  0|AC  0|TAMS 0x0000000746500000, 0x0000000746500000|
| 102|0x0000000746600000, 0x0000000746600000, 0x0000000746700000|  0%| F|  |TS  0|AC  0|TAMS 0x0000000746600000, 0x0000000746600000|
| 103|0x0000000746700000, 0x0000000746700000, 0x0000000746800000|  0%| F|  |TS  0|AC  0|TAMS 0x0000000746700000, 0x0000000746700000|
| 104|0x0000000746800000, 0x0000000746800000, 0x0000000746900000|  0%| F|  |TS  0|AC  0|TAMS 0x0000000746800000, 0x0000000746800000|
| 105|0x0000000746900000, 0x0000000746900000, 0x0000000746a00000|  0%| F|  |TS  0|AC  0|TAMS 0x0000000746900000, 0x0000000746900000|
| 106|0x0000000746a00000, 0x0000000746a00000, 0x0000000746b00000|  0%| F|  |TS  0|AC  0|TAMS 0x0000000746a00000, 0x0000000746a00000|
| 107|0x0000000746b00000, 0x0000000746b00000, 0x0000000746c00000|  0%| F|  |TS  0|AC  0|TAMS 0x0000000746b00000, 0x0000000746b00000|
| 108|0x0000000746c00000, 0x0000000746c00000, 0x0000000746d00000|  0%| F|  |TS  0|AC  0|TAMS 0x0000000746c00000, 0x0000000746c00000|
| 109|0x0000000746d00000, 0x0000000746d00000, 0x0000000746e00000|  0%| F|  |TS  0|AC  0|TAMS 0x0000000746d00000, 0x0000000746d00000|
| 110|0x0000000746e00000, 0x0000000746e00000, 0x0000000746f00000|  0%| F|  |TS  0|AC  0|TAMS 0x0000000746e00000, 0x0000000746e00000|
| 111|0x0000000746f00000, 0x0000000746f00000, 0x0000000747000000|  0%| F|  |TS  0|AC  0|TAMS 0x0000000746f00000, 0x0000000746f00000|
| 112|0x0000000747000000, 0x0000000747000000, 0x0000000747100000|  0%| F|  |TS  0|AC  0|TAMS 0x0000000747000000, 0x0000000747000000|
| 113|0x0000000747100000, 0x0000000747100000, 0x0000000747200000|  0%| F|  |TS  0|AC  0|TAMS 0x0000000747100000, 0x0000000747100000|
| 114|0x0000000747200000, 0x0000000747200000, 0x0000000747300000|  0%| F|  |TS  0|AC  0|TAMS 0x0000000747200000, 0x0000000747200000|
| 115|0x0000000747300000, 0x0000000747300000, 0x0000000747400000|  0%| F|  |TS  0|AC  0|TAMS 0x0000000747300000, 0x0000000747300000|
| 116|0x0000000747400000, 0x0000000747400000, 0x0000000747500000|  0%| F|  |TS  0|AC  0|TAMS 0x0000000747400000, 0x0000000747400000|
| 117|0x0000000747500000, 0x0000000747500000, 0x0000000747600000|  0%| F|  |TS  0|AC  0|TAMS 0x0000000747500000, 0x0000000747500000|
| 118|0x0000000747600000, 0x0000000747600000, 0x0000000747700000|  0%| F|  |TS  0|AC  0|TAMS 0x0000000747600000, 0x0000000747600000|
| 119|0x0000000747700000, 0x0000000747700000, 0x0000000747800000|  0%| F|  |TS  0|AC  0|TAMS 0x0000000747700000, 0x0000000747700000|
| 120|0x0000000747800000, 0x0000000747800000, 0x0000000747900000|  0%| F|  |TS  0|AC  0|TAMS 0x0000000747800000, 0x0000000747800000|
| 121|0x0000000747900000, 0x0000000747900000, 0x0000000747a00000|  0%| F|  |TS  0|AC  0|TAMS 0x0000000747900000, 0x0000000747900000|
| 122|0x0000000747a00000, 0x0000000747a00000, 0x0000000747b00000|  0%| F|  |TS  0|AC  0|TAMS 0x0000000747a00000, 0x0000000747a00000|
| 123|0x0000000747b00000, 0x0000000747b00000, 0x0000000747c00000|  0%| F|  |TS  0|AC  0|TAMS 0x0000000747b00000, 0x0000000747b00000|
| 124|0x0000000747c00000, 0x0000000747c4ee90, 0x0000000747d00000| 30%| E|  |TS  0|AC  0|TAMS 0x0000000747c00000, 0x0000000747c00000|
| 125|0x0000000747d00000, 0x0000000747e00000, 0x0000000747e00000|100%| E|CS|TS  0|AC  0|TAMS 0x0000000747d00000, 0x0000000747d00000|
| 126|0x0000000747e00000, 0x0000000747f00000, 0x0000000747f00000|100%| E|CS|TS  0|AC  0|TAMS 0x0000000747e00000, 0x0000000747e00000|
| 127|0x0000000747f00000, 0x0000000748000000, 0x0000000748000000|100%| E|CS|TS  0|AC  0|TAMS 0x0000000747f00000, 0x0000000747f00000|

Card table byte_map: [0x0000000108958000,0x0000000108d58000] byte_map_base: 0x0000000104f58000

Marking Bits (Prev, Next): (CMBitMap*) 0x00007fa124032260, (CMBitMap*) 0x00007fa124032298
 Prev Bits: [0x0000000109158000, 0x000000010b158000)
 Next Bits: [0x000000010b158000, 0x000000010d158000)

Polling page: 0x00000001075df000

CodeHeap 'non-profiled nmethods': size=120032Kb used=48Kb max_used=48Kb free=119983Kb
 bounds [0x0000000122958000, 0x0000000122bc8000, 0x0000000129e90000]
CodeHeap 'profiled nmethods': size=120032Kb used=286Kb max_used=286Kb free=119745Kb
 bounds [0x000000011b420000, 0x000000011b690000, 0x0000000122958000]
CodeHeap 'non-nmethods': size=5696Kb used=1007Kb max_used=1018Kb free=4688Kb
 bounds [0x000000011ae90000, 0x000000011b100000, 0x000000011b420000]
 total_blobs=565 nmethods=201 adapters=198
 compilation: enabled

Compilation events (10 events):
Event: 0.261 Thread 0x00007fa122849000  201   !   3       java.util.zip.ZipFile::getEntry (73 bytes)
Event: 0.262 Thread 0x00007fa122849000 nmethod 201 0x000000011b464f10 code [0x000000011b465140, 0x000000011b465848]
Event: 0.262 Thread 0x00007fa122849000  200   !   3       jdk.internal.loader.URLClassPath$JarLoader::ensureOpen (36 bytes)
Event: 0.262 Thread 0x00007fa122849000 nmethod 200 0x000000011b465b90 code [0x000000011b465d80, 0x000000011b466218]
Event: 0.262 Thread 0x00007fa122849000  195       3       java.lang.StringBuilder::<init> (7 bytes)
Event: 0.262 Thread 0x00007fa122849000 nmethod 195 0x000000011b466390 code [0x000000011b466540, 0x000000011b4666c8]
Event: 0.262 Thread 0x00007fa122849000  196       3       java.lang.String::lastIndexOf (12 bytes)
Event: 0.263 Thread 0x00007fa122849000 nmethod 196 0x000000011b466790 code [0x000000011b466980, 0x000000011b466db8]
Event: 0.263 Thread 0x00007fa122849000  202       3       java.lang.String::substring (58 bytes)
Event: 0.263 Thread 0x00007fa122849000 nmethod 202 0x000000011b466f90 code [0x000000011b4671c0, 0x000000011b4678a8]

GC Heap History (0 events):
No events

Deoptimization events (1 events):
Event: 0.123 Thread 0x00007fa123004000 Uncommon trap: reason=unstable_if action=reinterpret pc=0x000000012295bdec method=java.lang.String.hashCode()I @ 14 c2

Classes redefined (0 events):
No events

Internal exceptions (0 events):
No events

Events (10 events):
Event: 0.261 loading class javax/servlet/ServletResponse
Event: 0.261 loading class javax/servlet/ServletResponse done
Event: 0.262 loading class org/apache/catalina/Wrapper
Event: 0.262 loading class org/apache/catalina/Wrapper done
Event: 0.263 loading class java/lang/PublicMethods$Key
Event: 0.263 loading class java/lang/PublicMethods$Key done
Event: 0.263 loading class org/apache/catalina/startup/Tomcat
Event: 0.263 loading class org/apache/catalina/startup/Tomcat done
Event: 0.264 loading class java/lang/Class$EnclosingMethodInfo
Event: 0.264 loading class java/lang/Class$EnclosingMethodInfo done


Dynamic libraries:
0x00007fff3375f000 	/System/Library/Frameworks/Cocoa.framework/Versions/A/Cocoa
0x00007fff3fb1c000 	/System/Library/Frameworks/Security.framework/Versions/A/Security
0x00007fff323ce000 	/System/Library/Frameworks/ApplicationServices.framework/Versions/A/ApplicationServices
0x00007fff5b674000 	/usr/lib/libz.1.dylib
0x00007fff59688000 	/usr/lib/libSystem.B.dylib
0x00007fff33ef9000 	/System/Library/Frameworks/CoreFoundation.framework/Versions/A/CoreFoundation
0x00007fff3602f000 	/System/Library/Frameworks/Foundation.framework/Versions/C/Foundation
0x00007fff5ac89000 	/usr/lib/libobjc.A.dylib
0x00007fff3151f000 	/System/Library/Frameworks/AppKit.framework/Versions/C/AppKit
0x00007fff33ad7000 	/System/Library/Frameworks/CoreData.framework/Versions/A/CoreData
0x00007fff530c6000 	/System/Library/PrivateFrameworks/RemoteViewServices.framework/Versions/A/RemoteViewServices
0x00007fff5771b000 	/System/Library/PrivateFrameworks/UIFoundation.framework/Versions/A/UIFoundation
0x00007fff4811e000 	/System/Library/PrivateFrameworks/DFRFoundation.framework/Versions/A/DFRFoundation
0x00007fff38506000 	/System/Library/Frameworks/Metal.framework/Versions/A/Metal
0x00007fff482bf000 	/System/Library/PrivateFrameworks/DesktopServicesPriv.framework/Versions/A/DesktopServicesPriv
0x00007fff5a28b000 	/usr/lib/libenergytrace.dylib
0x00007fff5583f000 	/System/Library/PrivateFrameworks/SkyLight.framework/Versions/A/SkyLight
0x00007fff3439b000 	/System/Library/Frameworks/CoreGraphics.framework/Versions/A/CoreGraphics
0x00007fff59683000 	/usr/lib/libScreenReader.dylib
0x00007fff304e0000 	/System/Library/Frameworks/Accelerate.framework/Versions/A/Accelerate
0x00007fff367a6000 	/System/Library/Frameworks/IOSurface.framework/Versions/A/IOSurface
0x00007fff32918000 	/System/Library/Frameworks/AudioToolbox.framework/Versions/A/AudioToolbox
0x00007fff32ba5000 	/System/Library/Frameworks/AudioUnit.framework/Versions/A/AudioUnit
0x00007fff481ba000 	/System/Library/PrivateFrameworks/DataDetectorsCore.framework/Versions/A/DataDetectorsCore
0x00007fff33266000 	/System/Library/Frameworks/Carbon.framework/Versions/A/Frameworks/HIToolbox.framework/Versions/A/HIToolbox
0x00007fff5a3e5000 	/usr/lib/libicucore.A.dylib
0x00007fff3f09b000 	/System/Library/Frameworks/QuartzCore.framework/Versions/A/QuartzCore
0x00007fff3364c000 	/System/Library/Frameworks/Carbon.framework/Versions/A/Frameworks/SpeechRecognition.framework/Versions/A/SpeechRecognition
0x00007fff597e4000 	/usr/lib/libauto.dylib
0x00007fff5b563000 	/usr/lib/libxml2.2.dylib
0x00007fff47d98000 	/System/Library/PrivateFrameworks/CoreUI.framework/Versions/A/CoreUI
0x00007fff339b3000 	/System/Library/Frameworks/CoreAudio.framework/Versions/A/CoreAudio
0x00007fff35e69000 	/System/Library/Frameworks/DiskArbitration.framework/Versions/A/DiskArbitration
0x00007fff5a659000 	/usr/lib/liblangid.dylib
0x00007fff4f615000 	/System/Library/PrivateFrameworks/MultitouchSupport.framework/Versions/A/MultitouchSupport
0x00007fff36709000 	/System/Library/Frameworks/IOKit.framework/Versions/A/IOKit
0x00007fff59320000 	/usr/lib/libDiagnosticMessagesClient.dylib
0x00007fff35059000 	/System/Library/Frameworks/CoreServices.framework/Versions/A/CoreServices
0x00007fff510af000 	/System/Library/PrivateFrameworks/PerformanceAnalysis.framework/Versions/A/PerformanceAnalysis
0x00007fff3e245000 	/System/Library/Frameworks/OpenGL.framework/Versions/A/OpenGL
0x00007fff3376d000 	/System/Library/Frameworks/ColorSync.framework/Versions/A/ColorSync
0x00007fff349aa000 	/System/Library/Frameworks/CoreImage.framework/Versions/A/CoreImage
0x00007fff359da000 	/System/Library/Frameworks/CoreText.framework/Versions/A/CoreText
0x00007fff36804000 	/System/Library/Frameworks/ImageIO.framework/Versions/A/ImageIO
0x00007fff445f1000 	/System/Library/PrivateFrameworks/Backup.framework/Versions/A/Backup
0x00007fff59734000 	/usr/lib/libarchive.2.dylib
0x00007fff32eba000 	/System/Library/Frameworks/CFNetwork.framework/Versions/A/CFNetwork
0x00007fff40298000 	/System/Library/Frameworks/SystemConfiguration.framework/Versions/A/SystemConfiguration
0x00007fff59249000 	/usr/lib/libCRFSuite.dylib
0x00007fff598bc000 	/usr/lib/libc++.1.dylib
0x00007fff59913000 	/usr/lib/libc++abi.dylib
0x00007fff5b724000 	/usr/lib/system/libcache.dylib
0x00007fff5b729000 	/usr/lib/system/libcommonCrypto.dylib
0x00007fff5b734000 	/usr/lib/system/libcompiler_rt.dylib
0x00007fff5b73c000 	/usr/lib/system/libcopyfile.dylib
0x00007fff5b745000 	/usr/lib/system/libcorecrypto.dylib
0x00007fff5b852000 	/usr/lib/system/libdispatch.dylib
0x00007fff5b88c000 	/usr/lib/system/libdyld.dylib
0x00007fff5b8aa000 	/usr/lib/system/libkeymgr.dylib
0x00007fff5b8b8000 	/usr/lib/system/liblaunch.dylib
0x00007fff5b8b9000 	/usr/lib/system/libmacho.dylib
0x00007fff5b8be000 	/usr/lib/system/libquarantine.dylib
0x00007fff5b8c1000 	/usr/lib/system/libremovefile.dylib
0x00007fff5b8c3000 	/usr/lib/system/libsystem_asl.dylib
0x00007fff5b8db000 	/usr/lib/system/libsystem_blocks.dylib
0x00007fff5b8dc000 	/usr/lib/system/libsystem_c.dylib
0x00007fff5b966000 	/usr/lib/system/libsystem_configuration.dylib
0x00007fff5b96a000 	/usr/lib/system/libsystem_coreservices.dylib
0x00007fff5b96e000 	/usr/lib/system/libsystem_darwin.dylib
0x00007fff5b970000 	/usr/lib/system/libsystem_dnssd.dylib
0x00007fff5b977000 	/usr/lib/system/libsystem_info.dylib
0x00007fff5b9e7000 	/usr/lib/system/libsystem_m.dylib
0x00007fff5ba33000 	/usr/lib/system/libsystem_malloc.dylib
0x00007fff5ba53000 	/usr/lib/system/libsystem_network.dylib
0x00007fff5baf8000 	/usr/lib/system/libsystem_networkextension.dylib
0x00007fff5bb03000 	/usr/lib/system/libsystem_notify.dylib
0x00007fff5bb21000 	/usr/lib/system/libsystem_sandbox.dylib
0x00007fff5bb25000 	/usr/lib/system/libsystem_secinit.dylib
0x00007fff5b9c1000 	/usr/lib/system/libsystem_kernel.dylib
0x00007fff5bb0d000 	/usr/lib/system/libsystem_platform.dylib
0x00007fff5bb15000 	/usr/lib/system/libsystem_pthread.dylib
0x00007fff5bb27000 	/usr/lib/system/libsystem_symptoms.dylib
0x00007fff5bb2f000 	/usr/lib/system/libsystem_trace.dylib
0x00007fff5bb44000 	/usr/lib/system/libunwind.dylib
0x00007fff5bb4a000 	/usr/lib/system/libxpc.dylib
0x00007fff59176000 	/usr/lib/closure/libclosured.dylib
0x00007fff5989d000 	/usr/lib/libbsm.0.dylib
0x00007fff5b8ab000 	/usr/lib/system/libkxld.dylib
0x00007fff5955a000 	/usr/lib/libOpenScriptingUtil.dylib
0x00007fff59c0d000 	/usr/lib/libcoretls.dylib
0x00007fff59c26000 	/usr/lib/libcoretls_cfhelpers.dylib
0x00007fff5b08a000 	/usr/lib/libpam.2.dylib
0x00007fff5b1b0000 	/usr/lib/libsqlite3.dylib
0x00007fff5b552000 	/usr/lib/libxar.1.dylib
0x00007fff598ae000 	/usr/lib/libbz2.1.0.dylib
0x00007fff5a65b000 	/usr/lib/liblzma.5.dylib
0x00007fff5ab3c000 	/usr/lib/libnetwork.dylib
0x00007fff5971d000 	/usr/lib/libapple_nghttp2.dylib
0x00007fff5b091000 	/usr/lib/libpcap.A.dylib
0x00007fff597e5000 	/usr/lib/libboringssl.dylib
0x00007fff5b514000 	/usr/lib/libusrtcp.dylib
0x00007fff5971c000 	/usr/lib/libapple_crypto.dylib
0x00007fff353dc000 	/System/Library/Frameworks/CoreServices.framework/Versions/A/Frameworks/FSEvents.framework/Versions/A/FSEvents
0x00007fff350cf000 	/System/Library/Frameworks/CoreServices.framework/Versions/A/Frameworks/CarbonCore.framework/Versions/A/CarbonCore
0x00007fff3559e000 	/System/Library/Frameworks/CoreServices.framework/Versions/A/Frameworks/Metadata.framework/Versions/A/Metadata
0x00007fff3564e000 	/System/Library/Frameworks/CoreServices.framework/Versions/A/Frameworks/OSServices.framework/Versions/A/OSServices
0x00007fff356ac000 	/System/Library/Frameworks/CoreServices.framework/Versions/A/Frameworks/SearchKit.framework/Versions/A/SearchKit
0x00007fff3505a000 	/System/Library/Frameworks/CoreServices.framework/Versions/A/Frameworks/AE.framework/Versions/A/AE
0x00007fff353e5000 	/System/Library/Frameworks/CoreServices.framework/Versions/A/Frameworks/LaunchServices.framework/Versions/A/LaunchServices
0x00007fff353a7000 	/System/Library/Frameworks/CoreServices.framework/Versions/A/Frameworks/DictionaryServices.framework/Versions/A/DictionaryServices
0x00007fff3571b000 	/System/Library/Frameworks/CoreServices.framework/Versions/A/Frameworks/SharedFileList.framework/Versions/A/SharedFileList
0x00007fff396d2000 	/System/Library/Frameworks/NetFS.framework/Versions/A/NetFS
0x00007fff4f8a2000 	/System/Library/PrivateFrameworks/NetAuth.framework/Versions/A/NetAuth
0x00007fff59010000 	/System/Library/PrivateFrameworks/login.framework/Versions/A/Frameworks/loginsupport.framework/Versions/A/loginsupport
0x00007fff5739f000 	/System/Library/PrivateFrameworks/TCC.framework/Versions/A/TCC
0x00007fff5a73c000 	/usr/lib/libmecabra.dylib
0x00007fff323cf000 	/System/Library/Frameworks/ApplicationServices.framework/Versions/A/Frameworks/ATS.framework/Versions/A/ATS
0x00007fff3277d000 	/System/Library/Frameworks/ApplicationServices.framework/Versions/A/Frameworks/ColorSyncLegacy.framework/Versions/A/ColorSyncLegacy
0x00007fff32821000 	/System/Library/Frameworks/ApplicationServices.framework/Versions/A/Frameworks/HIServices.framework/Versions/A/HIServices
0x00007fff32874000 	/System/Library/Frameworks/ApplicationServices.framework/Versions/A/Frameworks/LangAnalysis.framework/Versions/A/LangAnalysis
0x00007fff32883000 	/System/Library/Frameworks/ApplicationServices.framework/Versions/A/Frameworks/PrintCore.framework/Versions/A/PrintCore
0x00007fff328d0000 	/System/Library/Frameworks/ApplicationServices.framework/Versions/A/Frameworks/QD.framework/Versions/A/QD
0x00007fff3290b000 	/System/Library/Frameworks/ApplicationServices.framework/Versions/A/Frameworks/SpeechSynthesis.framework/Versions/A/SpeechSynthesis
0x00007fff33e2c000 	/System/Library/Frameworks/CoreDisplay.framework/Versions/A/CoreDisplay
0x00007fff304f8000 	/System/Library/Frameworks/Accelerate.framework/Versions/A/Frameworks/vImage.framework/Versions/A/vImage
0x00007fff3122f000 	/System/Library/Frameworks/Accelerate.framework/Versions/A/Frameworks/vecLib.framework/Versions/A/vecLib
0x00007fff30fd1000 	/System/Library/Frameworks/Accelerate.framework/Versions/A/Frameworks/vecLib.framework/Versions/A/libvDSP.dylib
0x00007fff30b52000 	/System/Library/Frameworks/Accelerate.framework/Versions/A/Frameworks/vecLib.framework/Versions/A/libBNNS.dylib
0x00007fff30f58000 	/System/Library/Frameworks/Accelerate.framework/Versions/A/Frameworks/vecLib.framework/Versions/A/libQuadrature.dylib
0x00007fff3117e000 	/System/Library/Frameworks/Accelerate.framework/Versions/A/Frameworks/vecLib.framework/Versions/A/libvMisc.dylib
0x00007fff30b81000 	/System/Library/Frameworks/Accelerate.framework/Versions/A/Frameworks/vecLib.framework/Versions/A/libLAPACK.dylib
0x00007fff309f7000 	/System/Library/Frameworks/Accelerate.framework/Versions/A/Frameworks/vecLib.framework/Versions/A/libBLAS.dylib
0x00007fff30f42000 	/System/Library/Frameworks/Accelerate.framework/Versions/A/Frameworks/vecLib.framework/Versions/A/libLinearAlgebra.dylib
0x00007fff30f5e000 	/System/Library/Frameworks/Accelerate.framework/Versions/A/Frameworks/vecLib.framework/Versions/A/libSparse.dylib
0x00007fff30fbd000 	/System/Library/Frameworks/Accelerate.framework/Versions/A/Frameworks/vecLib.framework/Versions/A/libSparseBLAS.dylib
0x00007fff4df52000 	/System/Library/PrivateFrameworks/IOAccelerator.framework/Versions/A/IOAccelerator
0x00007fff4df5d000 	/System/Library/PrivateFrameworks/IOPresentment.framework/Versions/A/IOPresentment
0x00007fff48130000 	/System/Library/PrivateFrameworks/DSExternalDisplay.framework/Versions/A/DSExternalDisplay
0x00007fff3d6c7000 	/System/Library/Frameworks/OpenGL.framework/Versions/A/Libraries/libCoreFSCache.dylib
0x00007fff35b29000 	/System/Library/Frameworks/CoreVideo.framework/Versions/A/CoreVideo
0x00007fff4d5a5000 	/System/Library/PrivateFrameworks/GraphVisualizer.framework/Versions/A/GraphVisualizer
0x00007fff386c9000 	/System/Library/Frameworks/MetalPerformanceShaders.framework/Versions/A/MetalPerformanceShaders
0x00007fff59358000 	/usr/lib/libFosl_dynamic.dylib
0x00007fff49163000 	/System/Library/PrivateFrameworks/FaceCore.framework/Versions/A/FaceCore
0x00007fff3c4cf000 	/System/Library/Frameworks/OpenCL.framework/Versions/A/OpenCL
0x00007fff5994a000 	/usr/lib/libcompression.dylib
0x00007fff324ce000 	/System/Library/Frameworks/ApplicationServices.framework/Versions/A/Frameworks/ATS.framework/Versions/A/Resources/libFontParser.dylib
0x00007fff325f1000 	/System/Library/Frameworks/ApplicationServices.framework/Versions/A/Frameworks/ATS.framework/Versions/A/Resources/libFontRegistry.dylib
0x00007fff36a69000 	/System/Library/Frameworks/ImageIO.framework/Versions/A/Resources/libJPEG.dylib
0x00007fff36d92000 	/System/Library/Frameworks/ImageIO.framework/Versions/A/Resources/libTIFF.dylib
0x00007fff36d68000 	/System/Library/Frameworks/ImageIO.framework/Versions/A/Resources/libPng.dylib
0x00007fff3697c000 	/System/Library/Frameworks/ImageIO.framework/Versions/A/Resources/libGIF.dylib
0x00007fff36981000 	/System/Library/Frameworks/ImageIO.framework/Versions/A/Resources/libJP2.dylib
0x00007fff36d8f000 	/System/Library/Frameworks/ImageIO.framework/Versions/A/Resources/libRadiance.dylib
0x00007fff43d52000 	/System/Library/PrivateFrameworks/AppleJPEG.framework/Versions/A/AppleJPEG
0x00007fff4f39d000 	/System/Library/PrivateFrameworks/MetalTools.framework/Versions/A/MetalTools
0x00007fff385a2000 	/System/Library/Frameworks/MetalPerformanceShaders.framework/Frameworks/MPSCore.framework/Versions/A/MPSCore
0x00007fff385b8000 	/System/Library/Frameworks/MetalPerformanceShaders.framework/Frameworks/MPSImage.framework/Versions/A/MPSImage
0x00007fff38624000 	/System/Library/Frameworks/MetalPerformanceShaders.framework/Frameworks/MPSMatrix.framework/Versions/A/MPSMatrix
0x00007fff38648000 	/System/Library/Frameworks/MetalPerformanceShaders.framework/Frameworks/MPSNeuralNetwork.framework/Versions/A/MPSNeuralNetwork
0x00007fff3d88f000 	/System/Library/Frameworks/OpenGL.framework/Versions/A/Libraries/libGLU.dylib
0x00007fff3d6d1000 	/System/Library/Frameworks/OpenGL.framework/Versions/A/Libraries/libGFXShared.dylib
0x00007fff3d6da000 	/System/Library/Frameworks/OpenGL.framework/Versions/A/Libraries/libGL.dylib
0x00007fff3d6e6000 	/System/Library/Frameworks/OpenGL.framework/Versions/A/Libraries/libGLImage.dylib
0x00007fff3d6c4000 	/System/Library/Frameworks/OpenGL.framework/Versions/A/Libraries/libCVMSPluginSupport.dylib
0x00007fff3d6cc000 	/System/Library/Frameworks/OpenGL.framework/Versions/A/Libraries/libCoreVMClient.dylib
0x00007fff5a0f7000 	/usr/lib/libcups.2.dylib
0x00007fff37b6e000 	/System/Library/Frameworks/Kerberos.framework/Versions/A/Kerberos
0x00007fff36464000 	/System/Library/Frameworks/GSS.framework/Versions/A/GSS
0x00007fff5b144000 	/usr/lib/libresolv.9.dylib
0x00007fff5a2f3000 	/usr/lib/libiconv.2.dylib
0x00007fff4d62c000 	/System/Library/PrivateFrameworks/Heimdal.framework/Versions/A/Heimdal
0x00007fff5a2c2000 	/usr/lib/libheimdal-asn1.dylib
0x00007fff3c53a000 	/System/Library/Frameworks/OpenDirectory.framework/Versions/A/OpenDirectory
0x00007fff46008000 	/System/Library/PrivateFrameworks/CommonAuth.framework/Versions/A/CommonAuth
0x00007fff3c51d000 	/System/Library/Frameworks/OpenDirectory.framework/Versions/A/Frameworks/CFOpenDirectory.framework/Versions/A/CFOpenDirectory
0x00007fff3fe34000 	/System/Library/Frameworks/SecurityFoundation.framework/Versions/A/SecurityFoundation
0x00007fff42f3b000 	/System/Library/PrivateFrameworks/APFS.framework/Versions/A/APFS
0x00007fff5b54e000 	/usr/lib/libutil.dylib
0x00007fff43dd5000 	/System/Library/PrivateFrameworks/AppleSauce.framework/Versions/A/AppleSauce
0x00007fff4e734000 	/System/Library/PrivateFrameworks/LinguisticData.framework/Versions/A/LinguisticData
0x00007fff5a675000 	/usr/lib/libmarisa.dylib
0x00007fff4e6ee000 	/System/Library/PrivateFrameworks/Lexicon.framework/Versions/A/Lexicon
0x00007fff59283000 	/usr/lib/libChineseTokenizer.dylib
0x00007fff59939000 	/usr/lib/libcmph.dylib
0x00007fff4e5f8000 	/System/Library/PrivateFrameworks/LanguageModeling.framework/Versions/A/LanguageModeling
0x00007fff46a1e000 	/System/Library/PrivateFrameworks/CoreEmoji.framework/Versions/A/CoreEmoji
0x00007fff3fef0000 	/System/Library/Frameworks/ServiceManagement.framework/Versions/A/ServiceManagement
0x00007fff445e9000 	/System/Library/PrivateFrameworks/BackgroundTaskManagement.framework/Versions/A/BackgroundTaskManagement
0x00007fff5b64b000 	/usr/lib/libxslt.1.dylib
0x00007fff33576000 	/System/Library/Frameworks/Carbon.framework/Versions/A/Frameworks/Ink.framework/Versions/A/Ink
0x00007fff575b3000 	/System/Library/PrivateFrameworks/TextureIO.framework/Versions/A/TextureIO
0x00007fff5975f000 	/usr/lib/libate.dylib
0x00007fff48092000 	/System/Library/PrivateFrameworks/CrashReporterSupport.framework/Versions/A/CrashReporterSupport
0x00007fff54a06000 	/System/Library/PrivateFrameworks/Sharing.framework/Versions/A/Sharing
0x00007fff4e33e000 	/System/Library/PrivateFrameworks/IconServices.framework/Versions/A/IconServices
0x00007fff52ecb000 	/System/Library/PrivateFrameworks/ProtocolBuffer.framework/Versions/A/ProtocolBuffer
0x00007fff43bdd000 	/System/Library/PrivateFrameworks/Apple80211.framework/Versions/A/Apple80211
0x00007fff35b64000 	/System/Library/Frameworks/CoreWLAN.framework/Versions/A/CoreWLAN
0x00007fff47ecd000 	/System/Library/PrivateFrameworks/CoreUtils.framework/Versions/A/CoreUtils
0x00007fff365a6000 	/System/Library/Frameworks/IOBluetooth.framework/Versions/A/IOBluetooth
0x00007fff4802d000 	/System/Library/PrivateFrameworks/CoreWiFi.framework/Versions/A/CoreWiFi
0x00007fff33aad000 	/System/Library/Frameworks/CoreBluetooth.framework/Versions/A/CoreBluetooth
0x00007fff54b41000 	/System/Library/PrivateFrameworks/SignpostNotification.framework/Versions/A/SignpostNotification
0x00007fff4827e000 	/System/Library/PrivateFrameworks/DebugSymbols.framework/Versions/A/DebugSymbols
0x00007fff47c84000 	/System/Library/PrivateFrameworks/CoreSymbolication.framework/Versions/A/CoreSymbolication
0x00007fff56e29000 	/System/Library/PrivateFrameworks/Symbolication.framework/Versions/A/Symbolication
0x00007fff43c07000 	/System/Library/PrivateFrameworks/AppleFSCompression.framework/Versions/A/AppleFSCompression
0x00007fff5628a000 	/System/Library/PrivateFrameworks/SpeechRecognitionCore.framework/Versions/A/SpeechRecognitionCore
0x0000000106831000 	/Library/Java/JavaVirtualMachines/jdk-10.0.1.jdk/Contents/Home/lib/server/libjvm.dylib
0x00007fff5b445000 	/usr/lib/libstdc++.6.0.9.dylib
0x00000001075d1000 	/Library/Java/JavaVirtualMachines/jdk-10.0.1.jdk/Contents/Home/lib/libverify.dylib
0x0000000107f02000 	/Library/Java/JavaVirtualMachines/jdk-10.0.1.jdk/Contents/Home/lib/libjava.dylib
0x00000001075e9000 	/Library/Java/JavaVirtualMachines/jdk-10.0.1.jdk/Contents/Home/lib/libzip.dylib
0x00000001075f1000 	/Library/Java/JavaVirtualMachines/jdk-10.0.1.jdk/Contents/Home/lib/libjimage.dylib
0x000000010f71a000 	/Library/Java/JavaVirtualMachines/jdk-10.0.1.jdk/Contents/Home/lib/libnio.dylib
0x000000010f72a000 	/Library/Java/JavaVirtualMachines/jdk-10.0.1.jdk/Contents/Home/lib/./libnet.dylib


VM Arguments:
jvm_args: -Dfile.encoding=UTF-8 
java_command: org.apache.catalina.startup.Tomcat$1
java_class_path (initial): /Users/markandeyuluinturi/Documents/workspace-sts-3.9.4.RELEASE/corse/target/classes:/Users/markandeyuluinturi/.m2/repository/org/springframework/boot/spring-boot-starter-web/2.0.2.RELEASE/spring-boot-starter-web-2.0.2.RELEASE.jar:/Users/markandeyuluinturi/.m2/repository/org/springframework/boot/spring-boot-starter/2.0.2.RELEASE/spring-boot-starter-2.0.2.RELEASE.jar:/Users/markandeyuluinturi/.m2/repository/org/springframework/boot/spring-boot/2.0.2.RELEASE/spring-boot-2.0.2.RELEASE.jar:/Users/markandeyuluinturi/.m2/repository/org/springframework/boot/spring-boot-autoconfigure/2.0.2.RELEASE/spring-boot-autoconfigure-2.0.2.RELEASE.jar:/Users/markandeyuluinturi/.m2/repository/org/springframework/boot/spring-boot-starter-logging/2.0.2.RELEASE/spring-boot-starter-logging-2.0.2.RELEASE.jar:/Users/markandeyuluinturi/.m2/repository/ch/qos/logback/logback-classic/1.2.3/logback-classic-1.2.3.jar:/Users/markandeyuluinturi/.m2/repository/ch/qos/logback/logback-core/1.2.3/logback-core-1.2.3.jar:/Users/markandeyuluinturi/.m2/repository/org/slf4j/slf4j-api/1.7.25/slf4j-api-1.7.25.jar:/Users/markandeyuluinturi/.m2/repository/org/apache/logging/log4j/log4j-to-slf4j/2.10.0/log4j-to-slf4j-2.10.0.jar:/Users/markandeyuluinturi/.m2/repository/org/apache/logging/log4j/log4j-api/2.10.0/log4j-api-2.10.0.jar:/Users/markandeyuluinturi/.m2/repository/org/slf4j/jul-to-slf4j/1.7.25/jul-to-slf4j-1.7.25.jar:/Users/markandeyuluinturi/.m2/repository/javax/annotation/javax.annotation-api/1.3.2/javax.annotation-api-1.3.2.jar:/Users/markandeyuluinturi/.m2/repository/org/springframework/spring-core/5.0.6.RELEASE/spring-core-5.0.6.RELEASE.jar:/Users/markandeyuluinturi/.m2/repository/org/springframework/spring-jcl/5.0.6.RELEASE/spring-jcl-5.0.6.RELEASE.jar:/Users/markandeyuluinturi/.m2/repository/org/yaml/snakeyaml/1.19/snakeyaml-1.19.jar:/Users/markandeyuluinturi/.m2/repository/org/springframework/boot/spring-boot-starter-json/2.0.2.RELEASE/spring-boot-starter-json-2.0.2.RELE
Launcher Type: SUN_STANDARD

Logging:
Log output configuration:
#0: stdout all=warning uptime,level,tags
#1: stderr all=off uptime,level,tags

Environment Variables:
PATH=/usr/bin:/bin:/usr/sbin:/sbin
SHELL=/bin/bash

Signal Handlers:
SIGSEGV: [libjvm.dylib+0x79ac14], sa_mask[0]=11111111011111110111111111111111, sa_flags=SA_ONSTACK|SA_RESTART|SA_SIGINFO
SIGBUS: [libjvm.dylib+0x79ac14], sa_mask[0]=11111111011111110111111111111111, sa_flags=SA_RESTART|SA_SIGINFO
SIGFPE: [libjvm.dylib+0x79ac14], sa_mask[0]=11111111011111110111111111111111, sa_flags=SA_RESTART|SA_SIGINFO
SIGPIPE: [libjvm.dylib+0x635960], sa_mask[0]=11111111011111110111111111111111, sa_flags=SA_RESTART|SA_SIGINFO
SIGXFSZ: [libjvm.dylib+0x635960], sa_mask[0]=11111111011111110111111111111111, sa_flags=SA_RESTART|SA_SIGINFO
SIGILL: [libjvm.dylib+0x79ac14], sa_mask[0]=11111111011111110111111111111111, sa_flags=SA_RESTART|SA_SIGINFO
SIGUSR2: [libjvm.dylib+0x6361f0], sa_mask[0]=00100000000000000000000000000000, sa_flags=SA_RESTART|SA_SIGINFO
SIGHUP: [libjvm.dylib+0x6349db], sa_mask[0]=11111111011111110111111111111111, sa_flags=SA_RESTART|SA_SIGINFO
SIGINT: [libjvm.dylib+0x6349db], sa_mask[0]=11111111011111110111111111111111, sa_flags=SA_RESTART|SA_SIGINFO
SIGTERM: [libjvm.dylib+0x6349db], sa_mask[0]=11111111011111110111111111111111, sa_flags=SA_RESTART|SA_SIGINFO
SIGQUIT: [libjvm.dylib+0x6349db], sa_mask[0]=11111111011111110111111111111111, sa_flags=SA_RESTART|SA_SIGINFO


---------------  S Y S T E M  ---------------

OS:uname:Darwin 17.4.0 Darwin Kernel Version 17.4.0: Sun Dec 17 09:19:54 PST 2017; root:xnu-4570.41.2~1/RELEASE_X86_64 x86_64
rlimit: STACK 8192k, CORE 0k, NPROC 709, NOFILE 10240, AS infinity, DATA infinity, FSIZE infinity
load average:1.67 2.12 2.49

CPU:total 4 (initial active 4) (2 cores per cpu, 2 threads per core) family 6 model 142 stepping 9, cmov, cx8, fxsr, mmx, sse, sse2, sse3, ssse3, sse4.1, sse4.2, popcnt, avx, avx2, aes, clmul, erms, rtm, 3dnowpref, lzcnt, ht, tsc, tscinvbit, bmi1, bmi2, adx, fma

Memory: 4k page, physical 8388608k(85796k free)

vm_info: Java HotSpot(TM) 64-Bit Server VM (10.0.1+10) for bsd-amd64 JRE (10.0.1+10), built on Mar 27 2018 01:13:17 by "mach5one" with gcc 4.2.1 Compatible Apple LLVM 6.1.0 (clang-602.0.49)

END.
